<?xml version="1.0" encoding="UTF-8"?>
<!-- Generated by org.testng.reporters.JUnitReportReporter -->
<testsuite hostname="DESKTOP-1RELSLQ" failures="0" tests="1" name="com.restassured.test.TC5_GET_Validate_JSON_BODY_Response" time="2.517" errors="0" timestamp="30 Aug 2020 13:25:20 GMT">
  <testcase classname="com.restassured.test.TC5_GET_Validate_JSON_BODY_Response" name="get_validate_json_body" time="2.517"/>
</testsuite> <!-- com.restassured.test.TC5_GET_Validate_JSON_BODY_Response -->
