<?xml version="1.0" encoding="UTF-8"?>
<!-- Generated by org.testng.reporters.JUnitReportReporter -->
<testsuite hostname="DESKTOP-1RELSLQ" failures="0" tests="3" name="com.restassured.datadriven.DDD_add_new_employees" time="4.518" errors="0" timestamp="1 Sep 2020 23:34:18 GMT">
  <testcase classname="com.restassured.datadriven.DDD_add_new_employees" name="add_new_employees" time="1.013"/>
  <testcase classname="com.restassured.datadriven.DDD_add_new_employees" name="add_new_employees" time="1.072"/>
  <testcase classname="com.restassured.datadriven.DDD_add_new_employees" name="add_new_employees" time="2.433"/>
</testsuite> <!-- com.restassured.datadriven.DDD_add_new_employees -->
