<?xml version="1.0" encoding="UTF-8"?>
<!-- Generated by org.testng.reporters.JUnitReportReporter -->
<testsuite hostname="DESKTOP-1RELSLQ" failures="0" tests="1" name="com.restassured.test.TC2_POST_Request" time="2.759" errors="0" timestamp="27 Aug 2020 23:31:18 GMT">
  <testcase classname="com.restassured.test.TC2_POST_Request" name="postRequest" time="2.759"/>
</testsuite> <!-- com.restassured.test.TC2_POST_Request -->
