<?xml version="1.0" encoding="UTF-8"?>
<!-- Generated by org.testng.reporters.JUnitReportReporter -->
<testsuite hostname="DESKTOP-1RELSLQ" failures="0" tests="1" name="com.restassured.test.TC3_GET_Request" time="1.874" errors="0" timestamp="30 Aug 2020 12:58:34 GMT">
  <testcase classname="com.restassured.test.TC3_GET_Request" name="getDetails" time="1.874"/>
</testsuite> <!-- com.restassured.test.TC3_GET_Request -->
