<?xml version="1.0" encoding="UTF-8"?>
<!-- Generated by org.testng.reporters.JUnitReportReporter -->
<testsuite hostname="DESKTOP-1RELSLQ" failures="0" tests="1" name="com.restassured.test.TC1_GET_Request" time="1.883" errors="0" timestamp="27 Aug 2020 22:53:51 GMT">
  <testcase classname="com.restassured.test.TC1_GET_Request" name="getWeatherDetails" time="1.883"/>
</testsuite> <!-- com.restassured.test.TC1_GET_Request -->
